Build started 9/7/2011 6:05:28 PM.
     1>Project "C:\Users\Wes\Documents\Visual Studio 2010\Projects\Touched\Touched\Touched.vcxproj" on node 2 (build target(s)).
     1>InitializeBuildStatus:
         Creating "Debug\Touched.unsuccessfulbuild" because "AlwaysCreate" was specified.
       ClCompile:
         c:\Program Files (x86)\Microsoft Visual Studio 10.0\VC\bin\CL.exe /c /ZI /nologo /W3 /WX- /Od /Oy- /D _MBCS /Gm /EHsc /RTC1 /MDd /GS /fp:precise /Zc:wchar_t /Zc:forScope /Fo"Debug\\" /Fd"Debug\vc100.pdb" /Gd /TP /analyze- /errorReport:prompt testing.cpp
         testing.cpp
       Link:
         c:\Program Files (x86)\Microsoft Visual Studio 10.0\VC\bin\link.exe /ERRORREPORT:PROMPT /OUT:"C:\Users\Wes\Documents\Visual Studio 2010\Projects\Touched\Debug\Touched.exe" /NOLOGO kernel32.lib user32.lib gdi32.lib winspool.lib comdlg32.lib advapi32.lib shell32.lib ole32.lib oleaut32.lib uuid.lib odbc32.lib odbccp32.lib /MANIFEST /ManifestFile:"Debug\Touched.exe.intermediate.manifest" /MANIFESTUAC:"level='asInvoker' uiAccess='false'" /DEBUG /PDB:"C:\Users\Wes\Documents\Visual Studio 2010\Projects\Touched\Debug\Touched.pdb" /TLBID:1 /DYNAMICBASE /NXCOMPAT /IMPLIB:"C:\Users\Wes\Documents\Visual Studio 2010\Projects\Touched\Debug\Touched.lib" /MACHINE:X86 Debug\human.obj
         Debug\humanoid.obj
         Debug\testing.obj
         Debug\testrig.obj
         LINK : C:\Users\Wes\Documents\Visual Studio 2010\Projects\Touched\Debug\Touched.exe not found or not built by the last incremental link; performing full link
         Touched.vcxproj -> C:\Users\Wes\Documents\Visual Studio 2010\Projects\Touched\Debug\Touched.exe
       Manifest:
         C:\Program Files (x86)\Microsoft SDKs\Windows\v7.0A\bin\mt.exe /nologo /verbose /outputresource:"C:\Users\Wes\Documents\Visual Studio 2010\Projects\Touched\Debug\Touched.exe;#1" /manifest Debug\Touched.exe.intermediate.manifest
       FinalizeBuildStatus:
         Deleting file "Debug\Touched.unsuccessfulbuild".
         Touching "Debug\Touched.lastbuildstate".
     1>Done Building Project "C:\Users\Wes\Documents\Visual Studio 2010\Projects\Touched\Touched\Touched.vcxproj" (build target(s)).

Build succeeded.

Time Elapsed 00:00:01.17
